Connecting to database specified by database.yml
Connecting to database specified by database.yml
  [1m[36m (0.2ms)[0m  [1mselect sqlite_version(*)[0m
  [1m[35m (165.4ms)[0m  CREATE TABLE "schema_migrations" ("version" varchar(255) NOT NULL) 
  [1m[36m (132.2ms)[0m  [1mCREATE UNIQUE INDEX "unique_schema_migrations" ON "schema_migrations" ("version")[0m
  [1m[35m (4.2ms)[0m  SELECT "schema_migrations"."version" FROM "schema_migrations" 
Migrating to CreatePosts (20130506205740)
  [1m[36m (0.1ms)[0m  [1mbegin transaction[0m
  [1m[35m (1.6ms)[0m  CREATE TABLE "posts" ("id" INTEGER PRIMARY KEY AUTOINCREMENT NOT NULL, "title" varchar(255), "excerpt" varchar(255), "string" varchar(255), "body" text, "created_at" datetime NOT NULL, "updated_at" datetime NOT NULL) 
  [1m[36m (0.7ms)[0m  [1mINSERT INTO "schema_migrations" ("version") VALUES ('20130506205740')[0m
  [1m[35m (142.7ms)[0m  commit transaction
  [1m[36m (0.1ms)[0m  [1mSELECT "schema_migrations"."version" FROM "schema_migrations" [0m
Connecting to database specified by database.yml
Connecting to database specified by database.yml
  [1m[36m (1.4ms)[0m  [1mSELECT "schema_migrations"."version" FROM "schema_migrations" [0m
Migrating to CreatePosts (20130506205740)
Migrating to CreateComments (20130506213059)
  [1m[35m (0.0ms)[0m  select sqlite_version(*)
  [1m[36m (0.0ms)[0m  [1mbegin transaction[0m
  [1m[35m (0.5ms)[0m  CREATE TABLE "comments" ("id" INTEGER PRIMARY KEY AUTOINCREMENT NOT NULL, "author" varchar(255), "email" varchar(255), "url" varchar(255), "body" varchar(255), "post_id" integer, "created_at" datetime NOT NULL, "updated_at" datetime NOT NULL) 
  [1m[36m (0.2ms)[0m  [1mCREATE INDEX "index_comments_on_post_id" ON "comments" ("post_id")[0m
  [1m[35m (0.1ms)[0m  INSERT INTO "schema_migrations" ("version") VALUES ('20130506213059')
  [1m[36m (151.7ms)[0m  [1mcommit transaction[0m
  [1m[35m (0.1ms)[0m  SELECT "schema_migrations"."version" FROM "schema_migrations" 
Connecting to database specified by database.yml
Connecting to database specified by database.yml
  [1m[36m (1.5ms)[0m  [1mSELECT "schema_migrations"."version" FROM "schema_migrations" [0m
Migrating to CreatePosts (20130506205740)
Migrating to CreateComments (20130506213059)
Migrating to CreateUsers (20130506213244)
  [1m[35m (0.0ms)[0m  select sqlite_version(*)
  [1m[36m (0.0ms)[0m  [1mbegin transaction[0m
  [1m[35m (0.8ms)[0m  CREATE TABLE "users" ("id" INTEGER PRIMARY KEY AUTOINCREMENT NOT NULL, "first_name" varchar(255), "last_name" varchar(255), "email" varchar(255), "nick_name" varchar(255), "created_at" datetime NOT NULL, "updated_at" datetime NOT NULL) 
  [1m[36m (0.1ms)[0m  [1mINSERT INTO "schema_migrations" ("version") VALUES ('20130506213244')[0m
  [1m[35m (153.7ms)[0m  commit transaction
  [1m[36m (0.1ms)[0m  [1mSELECT "schema_migrations"."version" FROM "schema_migrations" [0m
Connecting to database specified by database.yml
Connecting to database specified by database.yml
  [1m[36m (1.4ms)[0m  [1mSELECT "schema_migrations"."version" FROM "schema_migrations" [0m
Migrating to CreatePosts (20130506205740)
Migrating to CreateComments (20130506213059)
Migrating to CreateUsers (20130506213244)
Migrating to AddAuthorIdToPost (20130506213311)
  [1m[35m (0.0ms)[0m  select sqlite_version(*)
  [1m[36m (0.0ms)[0m  [1mbegin transaction[0m
  [1m[35m (10.8ms)[0m  ALTER TABLE "posts" ADD "athor_id" integer
  [1m[36m (0.4ms)[0m  [1mINSERT INTO "schema_migrations" ("version") VALUES ('20130506213311')[0m
  [1m[35m (152.9ms)[0m  commit transaction
  [1m[36m (0.1ms)[0m  [1mSELECT "schema_migrations"."version" FROM "schema_migrations" [0m
Connecting to database specified by database.yml
Connecting to database specified by database.yml
  [1m[36m (1.4ms)[0m  [1mSELECT "schema_migrations"."version" FROM "schema_migrations" [0m
Migrating to CreatePosts (20130506205740)
Migrating to CreateComments (20130506213059)
Migrating to CreateUsers (20130506213244)
Migrating to AddAuthorIdToPost (20130506213311)
Migrating to CreateCategories (20130506213350)
  [1m[35m (0.0ms)[0m  select sqlite_version(*)
  [1m[36m (0.0ms)[0m  [1mbegin transaction[0m
  [1m[35m (0.5ms)[0m  CREATE TABLE "categories" ("id" INTEGER PRIMARY KEY AUTOINCREMENT NOT NULL, "name" varchar(255), "created_at" datetime NOT NULL, "updated_at" datetime NOT NULL) 
  [1m[36m (0.1ms)[0m  [1mINSERT INTO "schema_migrations" ("version") VALUES ('20130506213350')[0m
  [1m[35m (152.2ms)[0m  commit transaction
  [1m[36m (0.3ms)[0m  [1mSELECT "schema_migrations"."version" FROM "schema_migrations" [0m
Connecting to database specified by database.yml
Connecting to database specified by database.yml
Connecting to database specified by database.yml
Connecting to database specified by database.yml
Connecting to database specified by database.yml
Connecting to database specified by database.yml
Connecting to database specified by database.yml
Connecting to database specified by database.yml
Connecting to database specified by database.yml
Connecting to database specified by database.yml
Connecting to database specified by database.yml
Connecting to database specified by database.yml
Connecting to database specified by database.yml
Connecting to database specified by database.yml
Connecting to database specified by database.yml


Started GET "/assets/rails.png" for 127.0.0.1 at 2013-05-06 20:13:00 -0300
Served asset /rails.png - 304 Not Modified (60ms)


Started GET "/posts" for 127.0.0.1 at 2013-05-06 20:13:06 -0300
Processing by PostsController#index as HTML
  [1m[36mPost Load (0.1ms)[0m  [1mSELECT "posts".* FROM "posts" [0m
Completed 500 Internal Server Error in 59ms

RuntimeError (In order to use respond_with, first you need to declare the formats your controller responds to in the class level):
  app/controllers/posts_controller.rb:4:in `index'


  Rendered /home/italo/.rvm/gems/ruby-1.9.3-p374/gems/actionpack-3.2.13/lib/action_dispatch/middleware/templates/rescues/_trace.erb (2.1ms)
  Rendered /home/italo/.rvm/gems/ruby-1.9.3-p374/gems/actionpack-3.2.13/lib/action_dispatch/middleware/templates/rescues/_request_and_response.erb (1.0ms)
  Rendered /home/italo/.rvm/gems/ruby-1.9.3-p374/gems/actionpack-3.2.13/lib/action_dispatch/middleware/templates/rescues/diagnostics.erb within rescues/layout (18.7ms)


Started GET "/posts/comments" for 127.0.0.1 at 2013-05-06 20:13:27 -0300
Processing by PostsController#show as HTML
  Parameters: {"id"=>"comments"}
  [1m[35mPost Load (0.3ms)[0m  SELECT "posts".* FROM "posts" WHERE "posts"."id" = ? LIMIT 1  [["id", "comments"]]
Completed 404 Not Found in 3ms

ActiveRecord::RecordNotFound (Couldn't find Post with id=comments):
  app/controllers/posts_controller.rb:8:in `show'


  Rendered /home/italo/.rvm/gems/ruby-1.9.3-p374/gems/actionpack-3.2.13/lib/action_dispatch/middleware/templates/rescues/_trace.erb (29.9ms)
  Rendered /home/italo/.rvm/gems/ruby-1.9.3-p374/gems/actionpack-3.2.13/lib/action_dispatch/middleware/templates/rescues/_request_and_response.erb (1.3ms)
  Rendered /home/italo/.rvm/gems/ruby-1.9.3-p374/gems/actionpack-3.2.13/lib/action_dispatch/middleware/templates/rescues/diagnostics.erb within rescues/layout (39.2ms)


Started GET "/posts/comments" for 127.0.0.1 at 2013-05-06 20:14:57 -0300

SyntaxError (/home/italo/Documents/producer/app/controllers/posts_controller.rb:3: syntax error, unexpected ':', expecting keyword_end
      respond_to :json :html :xml
                        ^):
  activesupport (3.2.13) lib/active_support/dependencies.rb:469:in `load'
  activesupport (3.2.13) lib/active_support/dependencies.rb:469:in `block in load_file'
  activesupport (3.2.13) lib/active_support/dependencies.rb:639:in `new_constants_in'
  activesupport (3.2.13) lib/active_support/dependencies.rb:468:in `load_file'
  activesupport (3.2.13) lib/active_support/dependencies.rb:353:in `require_or_load'
  activesupport (3.2.13) lib/active_support/dependencies.rb:502:in `load_missing_constant'
  activesupport (3.2.13) lib/active_support/dependencies.rb:192:in `block in const_missing'
  activesupport (3.2.13) lib/active_support/dependencies.rb:190:in `each'
  activesupport (3.2.13) lib/active_support/dependencies.rb:190:in `const_missing'
  activesupport (3.2.13) lib/active_support/inflector/methods.rb:230:in `block in constantize'
  activesupport (3.2.13) lib/active_support/inflector/methods.rb:229:in `each'
  activesupport (3.2.13) lib/active_support/inflector/methods.rb:229:in `constantize'
  activesupport (3.2.13) lib/active_support/dependencies.rb:554:in `get'
  actionpack (3.2.13) lib/action_dispatch/routing/route_set.rb:69:in `controller_reference'
  actionpack (3.2.13) lib/action_dispatch/routing/route_set.rb:54:in `controller'
  actionpack (3.2.13) lib/action_dispatch/routing/route_set.rb:32:in `call'
  journey (1.0.4) lib/journey/router.rb:68:in `block in call'
  journey (1.0.4) lib/journey/router.rb:56:in `each'
  journey (1.0.4) lib/journey/router.rb:56:in `call'
  actionpack (3.2.13) lib/action_dispatch/routing/route_set.rb:612:in `call'
  actionpack (3.2.13) lib/action_dispatch/middleware/best_standards_support.rb:17:in `call'
  rack (1.4.5) lib/rack/etag.rb:23:in `call'
  rack (1.4.5) lib/rack/conditionalget.rb:25:in `call'
  actionpack (3.2.13) lib/action_dispatch/middleware/head.rb:14:in `call'
  actionpack (3.2.13) lib/action_dispatch/middleware/params_parser.rb:21:in `call'
  actionpack (3.2.13) lib/action_dispatch/middleware/flash.rb:242:in `call'
  rack (1.4.5) lib/rack/session/abstract/id.rb:210:in `context'
  rack (1.4.5) lib/rack/session/abstract/id.rb:205:in `call'
  actionpack (3.2.13) lib/action_dispatch/middleware/cookies.rb:341:in `call'
  activerecord (3.2.13) lib/active_record/query_cache.rb:64:in `call'
  activerecord (3.2.13) lib/active_record/connection_adapters/abstract/connection_pool.rb:479:in `call'
  actionpack (3.2.13) lib/action_dispatch/middleware/callbacks.rb:28:in `block in call'
  activesupport (3.2.13) lib/active_support/callbacks.rb:405:in `_run__688873409__call__382988449__callbacks'
  activesupport (3.2.13) lib/active_support/callbacks.rb:405:in `__run_callback'
  activesupport (3.2.13) lib/active_support/callbacks.rb:385:in `_run_call_callbacks'
  activesupport (3.2.13) lib/active_support/callbacks.rb:81:in `run_callbacks'
  actionpack (3.2.13) lib/action_dispatch/middleware/callbacks.rb:27:in `call'
  actionpack (3.2.13) lib/action_dispatch/middleware/reloader.rb:65:in `call'
  actionpack (3.2.13) lib/action_dispatch/middleware/remote_ip.rb:31:in `call'
  actionpack (3.2.13) lib/action_dispatch/middleware/debug_exceptions.rb:16:in `call'
  actionpack (3.2.13) lib/action_dispatch/middleware/show_exceptions.rb:56:in `call'
  railties (3.2.13) lib/rails/rack/logger.rb:32:in `call_app'
  railties (3.2.13) lib/rails/rack/logger.rb:16:in `block in call'
  activesupport (3.2.13) lib/active_support/tagged_logging.rb:22:in `tagged'
  railties (3.2.13) lib/rails/rack/logger.rb:16:in `call'
  actionpack (3.2.13) lib/action_dispatch/middleware/request_id.rb:22:in `call'
  rack (1.4.5) lib/rack/methodoverride.rb:21:in `call'
  rack (1.4.5) lib/rack/runtime.rb:17:in `call'
  activesupport (3.2.13) lib/active_support/cache/strategy/local_cache.rb:72:in `call'
  rack (1.4.5) lib/rack/lock.rb:15:in `call'
  actionpack (3.2.13) lib/action_dispatch/middleware/static.rb:63:in `call'
  railties (3.2.13) lib/rails/engine.rb:479:in `call'
  railties (3.2.13) lib/rails/application.rb:223:in `call'
  rack (1.4.5) lib/rack/content_length.rb:14:in `call'
  railties (3.2.13) lib/rails/rack/log_tailer.rb:17:in `call'
  rack (1.4.5) lib/rack/handler/webrick.rb:59:in `service'
  /home/italo/.rvm/rubies/ruby-1.9.3-p374/lib/ruby/1.9.1/webrick/httpserver.rb:138:in `service'
  /home/italo/.rvm/rubies/ruby-1.9.3-p374/lib/ruby/1.9.1/webrick/httpserver.rb:94:in `run'
  /home/italo/.rvm/rubies/ruby-1.9.3-p374/lib/ruby/1.9.1/webrick/server.rb:191:in `block in start_thread'


  Rendered /home/italo/.rvm/gems/ruby-1.9.3-p374/gems/actionpack-3.2.13/lib/action_dispatch/middleware/templates/rescues/_trace.erb (1.2ms)
  Rendered /home/italo/.rvm/gems/ruby-1.9.3-p374/gems/actionpack-3.2.13/lib/action_dispatch/middleware/templates/rescues/_request_and_response.erb (1.0ms)
  Rendered /home/italo/.rvm/gems/ruby-1.9.3-p374/gems/actionpack-3.2.13/lib/action_dispatch/middleware/templates/rescues/diagnostics.erb within rescues/layout (9.7ms)


Started GET "/posts/comments" for 127.0.0.1 at 2013-05-06 20:14:58 -0300

SyntaxError (/home/italo/Documents/producer/app/controllers/posts_controller.rb:3: syntax error, unexpected ':', expecting keyword_end
      respond_to :json :html :xml
                        ^):
  activesupport (3.2.13) lib/active_support/dependencies.rb:469:in `load'
  activesupport (3.2.13) lib/active_support/dependencies.rb:469:in `block in load_file'
  activesupport (3.2.13) lib/active_support/dependencies.rb:639:in `new_constants_in'
  activesupport (3.2.13) lib/active_support/dependencies.rb:468:in `load_file'
  activesupport (3.2.13) lib/active_support/dependencies.rb:353:in `require_or_load'
  activesupport (3.2.13) lib/active_support/dependencies.rb:502:in `load_missing_constant'
  activesupport (3.2.13) lib/active_support/dependencies.rb:192:in `block in const_missing'
  activesupport (3.2.13) lib/active_support/dependencies.rb:190:in `each'
  activesupport (3.2.13) lib/active_support/dependencies.rb:190:in `const_missing'
  activesupport (3.2.13) lib/active_support/inflector/methods.rb:230:in `block in constantize'
  activesupport (3.2.13) lib/active_support/inflector/methods.rb:229:in `each'
  activesupport (3.2.13) lib/active_support/inflector/methods.rb:229:in `constantize'
  activesupport (3.2.13) lib/active_support/dependencies.rb:554:in `get'
  actionpack (3.2.13) lib/action_dispatch/routing/route_set.rb:69:in `controller_reference'
  actionpack (3.2.13) lib/action_dispatch/routing/route_set.rb:54:in `controller'
  actionpack (3.2.13) lib/action_dispatch/routing/route_set.rb:32:in `call'
  journey (1.0.4) lib/journey/router.rb:68:in `block in call'
  journey (1.0.4) lib/journey/router.rb:56:in `each'
  journey (1.0.4) lib/journey/router.rb:56:in `call'
  actionpack (3.2.13) lib/action_dispatch/routing/route_set.rb:612:in `call'
  actionpack (3.2.13) lib/action_dispatch/middleware/best_standards_support.rb:17:in `call'
  rack (1.4.5) lib/rack/etag.rb:23:in `call'
  rack (1.4.5) lib/rack/conditionalget.rb:25:in `call'
  actionpack (3.2.13) lib/action_dispatch/middleware/head.rb:14:in `call'
  actionpack (3.2.13) lib/action_dispatch/middleware/params_parser.rb:21:in `call'
  actionpack (3.2.13) lib/action_dispatch/middleware/flash.rb:242:in `call'
  rack (1.4.5) lib/rack/session/abstract/id.rb:210:in `context'
  rack (1.4.5) lib/rack/session/abstract/id.rb:205:in `call'
  actionpack (3.2.13) lib/action_dispatch/middleware/cookies.rb:341:in `call'
  activerecord (3.2.13) lib/active_record/query_cache.rb:64:in `call'
  activerecord (3.2.13) lib/active_record/connection_adapters/abstract/connection_pool.rb:479:in `call'
  actionpack (3.2.13) lib/action_dispatch/middleware/callbacks.rb:28:in `block in call'
  activesupport (3.2.13) lib/active_support/callbacks.rb:405:in `_run__688873409__call__382988449__callbacks'
  activesupport (3.2.13) lib/active_support/callbacks.rb:405:in `__run_callback'
  activesupport (3.2.13) lib/active_support/callbacks.rb:385:in `_run_call_callbacks'
  activesupport (3.2.13) lib/active_support/callbacks.rb:81:in `run_callbacks'
  actionpack (3.2.13) lib/action_dispatch/middleware/callbacks.rb:27:in `call'
  actionpack (3.2.13) lib/action_dispatch/middleware/reloader.rb:65:in `call'
  actionpack (3.2.13) lib/action_dispatch/middleware/remote_ip.rb:31:in `call'
  actionpack (3.2.13) lib/action_dispatch/middleware/debug_exceptions.rb:16:in `call'
  actionpack (3.2.13) lib/action_dispatch/middleware/show_exceptions.rb:56:in `call'
  railties (3.2.13) lib/rails/rack/logger.rb:32:in `call_app'
  railties (3.2.13) lib/rails/rack/logger.rb:16:in `block in call'
  activesupport (3.2.13) lib/active_support/tagged_logging.rb:22:in `tagged'
  railties (3.2.13) lib/rails/rack/logger.rb:16:in `call'
  actionpack (3.2.13) lib/action_dispatch/middleware/request_id.rb:22:in `call'
  rack (1.4.5) lib/rack/methodoverride.rb:21:in `call'
  rack (1.4.5) lib/rack/runtime.rb:17:in `call'
  activesupport (3.2.13) lib/active_support/cache/strategy/local_cache.rb:72:in `call'
  rack (1.4.5) lib/rack/lock.rb:15:in `call'
  actionpack (3.2.13) lib/action_dispatch/middleware/static.rb:63:in `call'
  railties (3.2.13) lib/rails/engine.rb:479:in `call'
  railties (3.2.13) lib/rails/application.rb:223:in `call'
  rack (1.4.5) lib/rack/content_length.rb:14:in `call'
  railties (3.2.13) lib/rails/rack/log_tailer.rb:17:in `call'
  rack (1.4.5) lib/rack/handler/webrick.rb:59:in `service'
  /home/italo/.rvm/rubies/ruby-1.9.3-p374/lib/ruby/1.9.1/webrick/httpserver.rb:138:in `service'
  /home/italo/.rvm/rubies/ruby-1.9.3-p374/lib/ruby/1.9.1/webrick/httpserver.rb:94:in `run'
  /home/italo/.rvm/rubies/ruby-1.9.3-p374/lib/ruby/1.9.1/webrick/server.rb:191:in `block in start_thread'


  Rendered /home/italo/.rvm/gems/ruby-1.9.3-p374/gems/actionpack-3.2.13/lib/action_dispatch/middleware/templates/rescues/_trace.erb (1.2ms)
  Rendered /home/italo/.rvm/gems/ruby-1.9.3-p374/gems/actionpack-3.2.13/lib/action_dispatch/middleware/templates/rescues/_request_and_response.erb (1.1ms)
  Rendered /home/italo/.rvm/gems/ruby-1.9.3-p374/gems/actionpack-3.2.13/lib/action_dispatch/middleware/templates/rescues/diagnostics.erb within rescues/layout (11.4ms)


Started GET "/posts/comments" for 127.0.0.1 at 2013-05-06 20:14:59 -0300

SyntaxError (/home/italo/Documents/producer/app/controllers/posts_controller.rb:3: syntax error, unexpected ':', expecting keyword_end
      respond_to :json :html :xml
                        ^):
  activesupport (3.2.13) lib/active_support/dependencies.rb:469:in `load'
  activesupport (3.2.13) lib/active_support/dependencies.rb:469:in `block in load_file'
  activesupport (3.2.13) lib/active_support/dependencies.rb:639:in `new_constants_in'
  activesupport (3.2.13) lib/active_support/dependencies.rb:468:in `load_file'
  activesupport (3.2.13) lib/active_support/dependencies.rb:353:in `require_or_load'
  activesupport (3.2.13) lib/active_support/dependencies.rb:502:in `load_missing_constant'
  activesupport (3.2.13) lib/active_support/dependencies.rb:192:in `block in const_missing'
  activesupport (3.2.13) lib/active_support/dependencies.rb:190:in `each'
  activesupport (3.2.13) lib/active_support/dependencies.rb:190:in `const_missing'
  activesupport (3.2.13) lib/active_support/inflector/methods.rb:230:in `block in constantize'
  activesupport (3.2.13) lib/active_support/inflector/methods.rb:229:in `each'
  activesupport (3.2.13) lib/active_support/inflector/methods.rb:229:in `constantize'
  activesupport (3.2.13) lib/active_support/dependencies.rb:554:in `get'
  actionpack (3.2.13) lib/action_dispatch/routing/route_set.rb:69:in `controller_reference'
  actionpack (3.2.13) lib/action_dispatch/routing/route_set.rb:54:in `controller'
  actionpack (3.2.13) lib/action_dispatch/routing/route_set.rb:32:in `call'
  journey (1.0.4) lib/journey/router.rb:68:in `block in call'
  journey (1.0.4) lib/journey/router.rb:56:in `each'
  journey (1.0.4) lib/journey/router.rb:56:in `call'
  actionpack (3.2.13) lib/action_dispatch/routing/route_set.rb:612:in `call'
  actionpack (3.2.13) lib/action_dispatch/middleware/best_standards_support.rb:17:in `call'
  rack (1.4.5) lib/rack/etag.rb:23:in `call'
  rack (1.4.5) lib/rack/conditionalget.rb:25:in `call'
  actionpack (3.2.13) lib/action_dispatch/middleware/head.rb:14:in `call'
  actionpack (3.2.13) lib/action_dispatch/middleware/params_parser.rb:21:in `call'
  actionpack (3.2.13) lib/action_dispatch/middleware/flash.rb:242:in `call'
  rack (1.4.5) lib/rack/session/abstract/id.rb:210:in `context'
  rack (1.4.5) lib/rack/session/abstract/id.rb:205:in `call'
  actionpack (3.2.13) lib/action_dispatch/middleware/cookies.rb:341:in `call'
  activerecord (3.2.13) lib/active_record/query_cache.rb:64:in `call'
  activerecord (3.2.13) lib/active_record/connection_adapters/abstract/connection_pool.rb:479:in `call'
  actionpack (3.2.13) lib/action_dispatch/middleware/callbacks.rb:28:in `block in call'
  activesupport (3.2.13) lib/active_support/callbacks.rb:405:in `_run__688873409__call__382988449__callbacks'
  activesupport (3.2.13) lib/active_support/callbacks.rb:405:in `__run_callback'
  activesupport (3.2.13) lib/active_support/callbacks.rb:385:in `_run_call_callbacks'
  activesupport (3.2.13) lib/active_support/callbacks.rb:81:in `run_callbacks'
  actionpack (3.2.13) lib/action_dispatch/middleware/callbacks.rb:27:in `call'
  actionpack (3.2.13) lib/action_dispatch/middleware/reloader.rb:65:in `call'
  actionpack (3.2.13) lib/action_dispatch/middleware/remote_ip.rb:31:in `call'
  actionpack (3.2.13) lib/action_dispatch/middleware/debug_exceptions.rb:16:in `call'
  actionpack (3.2.13) lib/action_dispatch/middleware/show_exceptions.rb:56:in `call'
  railties (3.2.13) lib/rails/rack/logger.rb:32:in `call_app'
  railties (3.2.13) lib/rails/rack/logger.rb:16:in `block in call'
  activesupport (3.2.13) lib/active_support/tagged_logging.rb:22:in `tagged'
  railties (3.2.13) lib/rails/rack/logger.rb:16:in `call'
  actionpack (3.2.13) lib/action_dispatch/middleware/request_id.rb:22:in `call'
  rack (1.4.5) lib/rack/methodoverride.rb:21:in `call'
  rack (1.4.5) lib/rack/runtime.rb:17:in `call'
  activesupport (3.2.13) lib/active_support/cache/strategy/local_cache.rb:72:in `call'
  rack (1.4.5) lib/rack/lock.rb:15:in `call'
  actionpack (3.2.13) lib/action_dispatch/middleware/static.rb:63:in `call'
  railties (3.2.13) lib/rails/engine.rb:479:in `call'
  railties (3.2.13) lib/rails/application.rb:223:in `call'
  rack (1.4.5) lib/rack/content_length.rb:14:in `call'
  railties (3.2.13) lib/rails/rack/log_tailer.rb:17:in `call'
  rack (1.4.5) lib/rack/handler/webrick.rb:59:in `service'
  /home/italo/.rvm/rubies/ruby-1.9.3-p374/lib/ruby/1.9.1/webrick/httpserver.rb:138:in `service'
  /home/italo/.rvm/rubies/ruby-1.9.3-p374/lib/ruby/1.9.1/webrick/httpserver.rb:94:in `run'
  /home/italo/.rvm/rubies/ruby-1.9.3-p374/lib/ruby/1.9.1/webrick/server.rb:191:in `block in start_thread'


  Rendered /home/italo/.rvm/gems/ruby-1.9.3-p374/gems/actionpack-3.2.13/lib/action_dispatch/middleware/templates/rescues/_trace.erb (1.2ms)
  Rendered /home/italo/.rvm/gems/ruby-1.9.3-p374/gems/actionpack-3.2.13/lib/action_dispatch/middleware/templates/rescues/_request_and_response.erb (1.4ms)
  Rendered /home/italo/.rvm/gems/ruby-1.9.3-p374/gems/actionpack-3.2.13/lib/action_dispatch/middleware/templates/rescues/diagnostics.erb within rescues/layout (10.8ms)


Started GET "/posts/comments" for 127.0.0.1 at 2013-05-06 20:14:59 -0300

SyntaxError (/home/italo/Documents/producer/app/controllers/posts_controller.rb:3: syntax error, unexpected ':', expecting keyword_end
      respond_to :json :html :xml
                        ^):
  activesupport (3.2.13) lib/active_support/dependencies.rb:469:in `load'
  activesupport (3.2.13) lib/active_support/dependencies.rb:469:in `block in load_file'
  activesupport (3.2.13) lib/active_support/dependencies.rb:639:in `new_constants_in'
  activesupport (3.2.13) lib/active_support/dependencies.rb:468:in `load_file'
  activesupport (3.2.13) lib/active_support/dependencies.rb:353:in `require_or_load'
  activesupport (3.2.13) lib/active_support/dependencies.rb:502:in `load_missing_constant'
  activesupport (3.2.13) lib/active_support/dependencies.rb:192:in `block in const_missing'
  activesupport (3.2.13) lib/active_support/dependencies.rb:190:in `each'
  activesupport (3.2.13) lib/active_support/dependencies.rb:190:in `const_missing'
  activesupport (3.2.13) lib/active_support/inflector/methods.rb:230:in `block in constantize'
  activesupport (3.2.13) lib/active_support/inflector/methods.rb:229:in `each'
  activesupport (3.2.13) lib/active_support/inflector/methods.rb:229:in `constantize'
  activesupport (3.2.13) lib/active_support/dependencies.rb:554:in `get'
  actionpack (3.2.13) lib/action_dispatch/routing/route_set.rb:69:in `controller_reference'
  actionpack (3.2.13) lib/action_dispatch/routing/route_set.rb:54:in `controller'
  actionpack (3.2.13) lib/action_dispatch/routing/route_set.rb:32:in `call'
  journey (1.0.4) lib/journey/router.rb:68:in `block in call'
  journey (1.0.4) lib/journey/router.rb:56:in `each'
  journey (1.0.4) lib/journey/router.rb:56:in `call'
  actionpack (3.2.13) lib/action_dispatch/routing/route_set.rb:612:in `call'
  actionpack (3.2.13) lib/action_dispatch/middleware/best_standards_support.rb:17:in `call'
  rack (1.4.5) lib/rack/etag.rb:23:in `call'
  rack (1.4.5) lib/rack/conditionalget.rb:25:in `call'
  actionpack (3.2.13) lib/action_dispatch/middleware/head.rb:14:in `call'
  actionpack (3.2.13) lib/action_dispatch/middleware/params_parser.rb:21:in `call'
  actionpack (3.2.13) lib/action_dispatch/middleware/flash.rb:242:in `call'
  rack (1.4.5) lib/rack/session/abstract/id.rb:210:in `context'
  rack (1.4.5) lib/rack/session/abstract/id.rb:205:in `call'
  actionpack (3.2.13) lib/action_dispatch/middleware/cookies.rb:341:in `call'
  activerecord (3.2.13) lib/active_record/query_cache.rb:64:in `call'
  activerecord (3.2.13) lib/active_record/connection_adapters/abstract/connection_pool.rb:479:in `call'
  actionpack (3.2.13) lib/action_dispatch/middleware/callbacks.rb:28:in `block in call'
  activesupport (3.2.13) lib/active_support/callbacks.rb:405:in `_run__688873409__call__382988449__callbacks'
  activesupport (3.2.13) lib/active_support/callbacks.rb:405:in `__run_callback'
  activesupport (3.2.13) lib/active_support/callbacks.rb:385:in `_run_call_callbacks'
  activesupport (3.2.13) lib/active_support/callbacks.rb:81:in `run_callbacks'
  actionpack (3.2.13) lib/action_dispatch/middleware/callbacks.rb:27:in `call'
  actionpack (3.2.13) lib/action_dispatch/middleware/reloader.rb:65:in `call'
  actionpack (3.2.13) lib/action_dispatch/middleware/remote_ip.rb:31:in `call'
  actionpack (3.2.13) lib/action_dispatch/middleware/debug_exceptions.rb:16:in `call'
  actionpack (3.2.13) lib/action_dispatch/middleware/show_exceptions.rb:56:in `call'
  railties (3.2.13) lib/rails/rack/logger.rb:32:in `call_app'
  railties (3.2.13) lib/rails/rack/logger.rb:16:in `block in call'
  activesupport (3.2.13) lib/active_support/tagged_logging.rb:22:in `tagged'
  railties (3.2.13) lib/rails/rack/logger.rb:16:in `call'
  actionpack (3.2.13) lib/action_dispatch/middleware/request_id.rb:22:in `call'
  rack (1.4.5) lib/rack/methodoverride.rb:21:in `call'
  rack (1.4.5) lib/rack/runtime.rb:17:in `call'
  activesupport (3.2.13) lib/active_support/cache/strategy/local_cache.rb:72:in `call'
  rack (1.4.5) lib/rack/lock.rb:15:in `call'
  actionpack (3.2.13) lib/action_dispatch/middleware/static.rb:63:in `call'
  railties (3.2.13) lib/rails/engine.rb:479:in `call'
  railties (3.2.13) lib/rails/application.rb:223:in `call'
  rack (1.4.5) lib/rack/content_length.rb:14:in `call'
  railties (3.2.13) lib/rails/rack/log_tailer.rb:17:in `call'
  rack (1.4.5) lib/rack/handler/webrick.rb:59:in `service'
  /home/italo/.rvm/rubies/ruby-1.9.3-p374/lib/ruby/1.9.1/webrick/httpserver.rb:138:in `service'
  /home/italo/.rvm/rubies/ruby-1.9.3-p374/lib/ruby/1.9.1/webrick/httpserver.rb:94:in `run'
  /home/italo/.rvm/rubies/ruby-1.9.3-p374/lib/ruby/1.9.1/webrick/server.rb:191:in `block in start_thread'


  Rendered /home/italo/.rvm/gems/ruby-1.9.3-p374/gems/actionpack-3.2.13/lib/action_dispatch/middleware/templates/rescues/_trace.erb (1.2ms)
  Rendered /home/italo/.rvm/gems/ruby-1.9.3-p374/gems/actionpack-3.2.13/lib/action_dispatch/middleware/templates/rescues/_request_and_response.erb (1.5ms)
  Rendered /home/italo/.rvm/gems/ruby-1.9.3-p374/gems/actionpack-3.2.13/lib/action_dispatch/middleware/templates/rescues/diagnostics.erb within rescues/layout (11.3ms)


Started GET "/posts/comments" for 127.0.0.1 at 2013-05-06 20:14:59 -0300

SyntaxError (/home/italo/Documents/producer/app/controllers/posts_controller.rb:3: syntax error, unexpected ':', expecting keyword_end
      respond_to :json :html :xml
                        ^):
  activesupport (3.2.13) lib/active_support/dependencies.rb:469:in `load'
  activesupport (3.2.13) lib/active_support/dependencies.rb:469:in `block in load_file'
  activesupport (3.2.13) lib/active_support/dependencies.rb:639:in `new_constants_in'
  activesupport (3.2.13) lib/active_support/dependencies.rb:468:in `load_file'
  activesupport (3.2.13) lib/active_support/dependencies.rb:353:in `require_or_load'
  activesupport (3.2.13) lib/active_support/dependencies.rb:502:in `load_missing_constant'
  activesupport (3.2.13) lib/active_support/dependencies.rb:192:in `block in const_missing'
  activesupport (3.2.13) lib/active_support/dependencies.rb:190:in `each'
  activesupport (3.2.13) lib/active_support/dependencies.rb:190:in `const_missing'
  activesupport (3.2.13) lib/active_support/inflector/methods.rb:230:in `block in constantize'
  activesupport (3.2.13) lib/active_support/inflector/methods.rb:229:in `each'
  activesupport (3.2.13) lib/active_support/inflector/methods.rb:229:in `constantize'
  activesupport (3.2.13) lib/active_support/dependencies.rb:554:in `get'
  actionpack (3.2.13) lib/action_dispatch/routing/route_set.rb:69:in `controller_reference'
  actionpack (3.2.13) lib/action_dispatch/routing/route_set.rb:54:in `controller'
  actionpack (3.2.13) lib/action_dispatch/routing/route_set.rb:32:in `call'
  journey (1.0.4) lib/journey/router.rb:68:in `block in call'
  journey (1.0.4) lib/journey/router.rb:56:in `each'
  journey (1.0.4) lib/journey/router.rb:56:in `call'
  actionpack (3.2.13) lib/action_dispatch/routing/route_set.rb:612:in `call'
  actionpack (3.2.13) lib/action_dispatch/middleware/best_standards_support.rb:17:in `call'
  rack (1.4.5) lib/rack/etag.rb:23:in `call'
  rack (1.4.5) lib/rack/conditionalget.rb:25:in `call'
  actionpack (3.2.13) lib/action_dispatch/middleware/head.rb:14:in `call'
  actionpack (3.2.13) lib/action_dispatch/middleware/params_parser.rb:21:in `call'
  actionpack (3.2.13) lib/action_dispatch/middleware/flash.rb:242:in `call'
  rack (1.4.5) lib/rack/session/abstract/id.rb:210:in `context'
  rack (1.4.5) lib/rack/session/abstract/id.rb:205:in `call'
  actionpack (3.2.13) lib/action_dispatch/middleware/cookies.rb:341:in `call'
  activerecord (3.2.13) lib/active_record/query_cache.rb:64:in `call'
  activerecord (3.2.13) lib/active_record/connection_adapters/abstract/connection_pool.rb:479:in `call'
  actionpack (3.2.13) lib/action_dispatch/middleware/callbacks.rb:28:in `block in call'
  activesupport (3.2.13) lib/active_support/callbacks.rb:405:in `_run__688873409__call__382988449__callbacks'
  activesupport (3.2.13) lib/active_support/callbacks.rb:405:in `__run_callback'
  activesupport (3.2.13) lib/active_support/callbacks.rb:385:in `_run_call_callbacks'
  activesupport (3.2.13) lib/active_support/callbacks.rb:81:in `run_callbacks'
  actionpack (3.2.13) lib/action_dispatch/middleware/callbacks.rb:27:in `call'
  actionpack (3.2.13) lib/action_dispatch/middleware/reloader.rb:65:in `call'
  actionpack (3.2.13) lib/action_dispatch/middleware/remote_ip.rb:31:in `call'
  actionpack (3.2.13) lib/action_dispatch/middleware/debug_exceptions.rb:16:in `call'
  actionpack (3.2.13) lib/action_dispatch/middleware/show_exceptions.rb:56:in `call'
  railties (3.2.13) lib/rails/rack/logger.rb:32:in `call_app'
  railties (3.2.13) lib/rails/rack/logger.rb:16:in `block in call'
  activesupport (3.2.13) lib/active_support/tagged_logging.rb:22:in `tagged'
  railties (3.2.13) lib/rails/rack/logger.rb:16:in `call'
  actionpack (3.2.13) lib/action_dispatch/middleware/request_id.rb:22:in `call'
  rack (1.4.5) lib/rack/methodoverride.rb:21:in `call'
  rack (1.4.5) lib/rack/runtime.rb:17:in `call'
  activesupport (3.2.13) lib/active_support/cache/strategy/local_cache.rb:72:in `call'
  rack (1.4.5) lib/rack/lock.rb:15:in `call'
  actionpack (3.2.13) lib/action_dispatch/middleware/static.rb:63:in `call'
  railties (3.2.13) lib/rails/engine.rb:479:in `call'
  railties (3.2.13) lib/rails/application.rb:223:in `call'
  rack (1.4.5) lib/rack/content_length.rb:14:in `call'
  railties (3.2.13) lib/rails/rack/log_tailer.rb:17:in `call'
  rack (1.4.5) lib/rack/handler/webrick.rb:59:in `service'
  /home/italo/.rvm/rubies/ruby-1.9.3-p374/lib/ruby/1.9.1/webrick/httpserver.rb:138:in `service'
  /home/italo/.rvm/rubies/ruby-1.9.3-p374/lib/ruby/1.9.1/webrick/httpserver.rb:94:in `run'
  /home/italo/.rvm/rubies/ruby-1.9.3-p374/lib/ruby/1.9.1/webrick/server.rb:191:in `block in start_thread'


  Rendered /home/italo/.rvm/gems/ruby-1.9.3-p374/gems/actionpack-3.2.13/lib/action_dispatch/middleware/templates/rescues/_trace.erb (1.2ms)
  Rendered /home/italo/.rvm/gems/ruby-1.9.3-p374/gems/actionpack-3.2.13/lib/action_dispatch/middleware/templates/rescues/_request_and_response.erb (2.2ms)
  Rendered /home/italo/.rvm/gems/ruby-1.9.3-p374/gems/actionpack-3.2.13/lib/action_dispatch/middleware/templates/rescues/diagnostics.erb within rescues/layout (12.3ms)


Started GET "/posts/comments" for 127.0.0.1 at 2013-05-06 20:21:23 -0300
Processing by PostsController#show as HTML
  Parameters: {"id"=>"comments"}
  [1m[36mPost Load (0.4ms)[0m  [1mSELECT "posts".* FROM "posts" WHERE "posts"."id" = ? LIMIT 1[0m  [["id", "comments"]]
Completed 404 Not Found in 4ms

ActiveRecord::RecordNotFound (Couldn't find Post with id=comments):
  app/controllers/posts_controller.rb:11:in `show'


  Rendered /home/italo/.rvm/gems/ruby-1.9.3-p374/gems/actionpack-3.2.13/lib/action_dispatch/middleware/templates/rescues/_trace.erb (1.5ms)
  Rendered /home/italo/.rvm/gems/ruby-1.9.3-p374/gems/actionpack-3.2.13/lib/action_dispatch/middleware/templates/rescues/_request_and_response.erb (1.0ms)
  Rendered /home/italo/.rvm/gems/ruby-1.9.3-p374/gems/actionpack-3.2.13/lib/action_dispatch/middleware/templates/rescues/diagnostics.erb within rescues/layout (11.1ms)


Started GET "/posts/comments" for 127.0.0.1 at 2013-05-06 20:21:24 -0300
Processing by PostsController#show as HTML
  Parameters: {"id"=>"comments"}
  [1m[35mPost Load (0.1ms)[0m  SELECT "posts".* FROM "posts" WHERE "posts"."id" = ? LIMIT 1  [["id", "comments"]]
Completed 404 Not Found in 1ms

ActiveRecord::RecordNotFound (Couldn't find Post with id=comments):
  app/controllers/posts_controller.rb:11:in `show'


  Rendered /home/italo/.rvm/gems/ruby-1.9.3-p374/gems/actionpack-3.2.13/lib/action_dispatch/middleware/templates/rescues/_trace.erb (1.2ms)
  Rendered /home/italo/.rvm/gems/ruby-1.9.3-p374/gems/actionpack-3.2.13/lib/action_dispatch/middleware/templates/rescues/_request_and_response.erb (34.1ms)
  Rendered /home/italo/.rvm/gems/ruby-1.9.3-p374/gems/actionpack-3.2.13/lib/action_dispatch/middleware/templates/rescues/diagnostics.erb within rescues/layout (43.6ms)


Started GET "/posts/comments" for 127.0.0.1 at 2013-05-06 20:21:24 -0300
Processing by PostsController#show as HTML
  Parameters: {"id"=>"comments"}
  [1m[36mPost Load (0.4ms)[0m  [1mSELECT "posts".* FROM "posts" WHERE "posts"."id" = ? LIMIT 1[0m  [["id", "comments"]]
Completed 404 Not Found in 4ms

ActiveRecord::RecordNotFound (Couldn't find Post with id=comments):
  app/controllers/posts_controller.rb:11:in `show'


  Rendered /home/italo/.rvm/gems/ruby-1.9.3-p374/gems/actionpack-3.2.13/lib/action_dispatch/middleware/templates/rescues/_trace.erb (1.3ms)
  Rendered /home/italo/.rvm/gems/ruby-1.9.3-p374/gems/actionpack-3.2.13/lib/action_dispatch/middleware/templates/rescues/_request_and_response.erb (1.1ms)
  Rendered /home/italo/.rvm/gems/ruby-1.9.3-p374/gems/actionpack-3.2.13/lib/action_dispatch/middleware/templates/rescues/diagnostics.erb within rescues/layout (10.3ms)


Started GET "/posts/comments" for 127.0.0.1 at 2013-05-06 20:21:24 -0300
Processing by PostsController#show as HTML
  Parameters: {"id"=>"comments"}
  [1m[35mPost Load (0.2ms)[0m  SELECT "posts".* FROM "posts" WHERE "posts"."id" = ? LIMIT 1  [["id", "comments"]]
Completed 404 Not Found in 3ms

ActiveRecord::RecordNotFound (Couldn't find Post with id=comments):
  app/controllers/posts_controller.rb:11:in `show'


  Rendered /home/italo/.rvm/gems/ruby-1.9.3-p374/gems/actionpack-3.2.13/lib/action_dispatch/middleware/templates/rescues/_trace.erb (1.3ms)
  Rendered /home/italo/.rvm/gems/ruby-1.9.3-p374/gems/actionpack-3.2.13/lib/action_dispatch/middleware/templates/rescues/_request_and_response.erb (1.0ms)
  Rendered /home/italo/.rvm/gems/ruby-1.9.3-p374/gems/actionpack-3.2.13/lib/action_dispatch/middleware/templates/rescues/diagnostics.erb within rescues/layout (10.4ms)


Started GET "/posts/comments" for 127.0.0.1 at 2013-05-06 20:21:24 -0300
Processing by PostsController#show as HTML
  Parameters: {"id"=>"comments"}
  [1m[36mPost Load (0.2ms)[0m  [1mSELECT "posts".* FROM "posts" WHERE "posts"."id" = ? LIMIT 1[0m  [["id", "comments"]]
Completed 404 Not Found in 4ms

ActiveRecord::RecordNotFound (Couldn't find Post with id=comments):
  app/controllers/posts_controller.rb:11:in `show'


  Rendered /home/italo/.rvm/gems/ruby-1.9.3-p374/gems/actionpack-3.2.13/lib/action_dispatch/middleware/templates/rescues/_trace.erb (1.3ms)
  Rendered /home/italo/.rvm/gems/ruby-1.9.3-p374/gems/actionpack-3.2.13/lib/action_dispatch/middleware/templates/rescues/_request_and_response.erb (1.8ms)
  Rendered /home/italo/.rvm/gems/ruby-1.9.3-p374/gems/actionpack-3.2.13/lib/action_dispatch/middleware/templates/rescues/diagnostics.erb within rescues/layout (11.6ms)


Started GET "/posts/comments" for 127.0.0.1 at 2013-05-06 20:21:25 -0300
Processing by PostsController#show as HTML
  Parameters: {"id"=>"comments"}
  [1m[35mPost Load (0.1ms)[0m  SELECT "posts".* FROM "posts" WHERE "posts"."id" = ? LIMIT 1  [["id", "comments"]]
Completed 404 Not Found in 1ms

ActiveRecord::RecordNotFound (Couldn't find Post with id=comments):
  app/controllers/posts_controller.rb:11:in `show'


  Rendered /home/italo/.rvm/gems/ruby-1.9.3-p374/gems/actionpack-3.2.13/lib/action_dispatch/middleware/templates/rescues/_trace.erb (1.2ms)
  Rendered /home/italo/.rvm/gems/ruby-1.9.3-p374/gems/actionpack-3.2.13/lib/action_dispatch/middleware/templates/rescues/_request_and_response.erb (1.1ms)
  Rendered /home/italo/.rvm/gems/ruby-1.9.3-p374/gems/actionpack-3.2.13/lib/action_dispatch/middleware/templates/rescues/diagnostics.erb within rescues/layout (10.4ms)


Started GET "/posts/comments" for 127.0.0.1 at 2013-05-06 20:21:25 -0300
Processing by PostsController#show as HTML
  Parameters: {"id"=>"comments"}
  [1m[36mPost Load (0.2ms)[0m  [1mSELECT "posts".* FROM "posts" WHERE "posts"."id" = ? LIMIT 1[0m  [["id", "comments"]]
Completed 404 Not Found in 4ms

ActiveRecord::RecordNotFound (Couldn't find Post with id=comments):
  app/controllers/posts_controller.rb:11:in `show'


  Rendered /home/italo/.rvm/gems/ruby-1.9.3-p374/gems/actionpack-3.2.13/lib/action_dispatch/middleware/templates/rescues/_trace.erb (1.3ms)
  Rendered /home/italo/.rvm/gems/ruby-1.9.3-p374/gems/actionpack-3.2.13/lib/action_dispatch/middleware/templates/rescues/_request_and_response.erb (1.1ms)
  Rendered /home/italo/.rvm/gems/ruby-1.9.3-p374/gems/actionpack-3.2.13/lib/action_dispatch/middleware/templates/rescues/diagnostics.erb within rescues/layout (10.6ms)


Started GET "/posts/comments" for 127.0.0.1 at 2013-05-06 20:21:25 -0300
Processing by PostsController#show as HTML
  Parameters: {"id"=>"comments"}
  [1m[35mPost Load (0.1ms)[0m  SELECT "posts".* FROM "posts" WHERE "posts"."id" = ? LIMIT 1  [["id", "comments"]]
Completed 404 Not Found in 3ms

ActiveRecord::RecordNotFound (Couldn't find Post with id=comments):
  app/controllers/posts_controller.rb:11:in `show'


  Rendered /home/italo/.rvm/gems/ruby-1.9.3-p374/gems/actionpack-3.2.13/lib/action_dispatch/middleware/templates/rescues/_trace.erb (1.3ms)
  Rendered /home/italo/.rvm/gems/ruby-1.9.3-p374/gems/actionpack-3.2.13/lib/action_dispatch/middleware/templates/rescues/_request_and_response.erb (2.2ms)
  Rendered /home/italo/.rvm/gems/ruby-1.9.3-p374/gems/actionpack-3.2.13/lib/action_dispatch/middleware/templates/rescues/diagnostics.erb within rescues/layout (11.1ms)


Started GET "/posts/comments" for 127.0.0.1 at 2013-05-06 20:21:25 -0300
Processing by PostsController#show as HTML
  Parameters: {"id"=>"comments"}
  [1m[36mPost Load (0.2ms)[0m  [1mSELECT "posts".* FROM "posts" WHERE "posts"."id" = ? LIMIT 1[0m  [["id", "comments"]]
Completed 404 Not Found in 3ms

ActiveRecord::RecordNotFound (Couldn't find Post with id=comments):
  app/controllers/posts_controller.rb:11:in `show'


  Rendered /home/italo/.rvm/gems/ruby-1.9.3-p374/gems/actionpack-3.2.13/lib/action_dispatch/middleware/templates/rescues/_trace.erb (1.2ms)
  Rendered /home/italo/.rvm/gems/ruby-1.9.3-p374/gems/actionpack-3.2.13/lib/action_dispatch/middleware/templates/rescues/_request_and_response.erb (1.5ms)
  Rendered /home/italo/.rvm/gems/ruby-1.9.3-p374/gems/actionpack-3.2.13/lib/action_dispatch/middleware/templates/rescues/diagnostics.erb within rescues/layout (11.3ms)


Started GET "/posts/comments" for 127.0.0.1 at 2013-05-06 20:21:26 -0300
Processing by PostsController#show as HTML
  Parameters: {"id"=>"comments"}
  [1m[35mPost Load (0.1ms)[0m  SELECT "posts".* FROM "posts" WHERE "posts"."id" = ? LIMIT 1  [["id", "comments"]]
Completed 404 Not Found in 1ms

ActiveRecord::RecordNotFound (Couldn't find Post with id=comments):
  app/controllers/posts_controller.rb:11:in `show'


  Rendered /home/italo/.rvm/gems/ruby-1.9.3-p374/gems/actionpack-3.2.13/lib/action_dispatch/middleware/templates/rescues/_trace.erb (1.2ms)
  Rendered /home/italo/.rvm/gems/ruby-1.9.3-p374/gems/actionpack-3.2.13/lib/action_dispatch/middleware/templates/rescues/_request_and_response.erb (1.1ms)
  Rendered /home/italo/.rvm/gems/ruby-1.9.3-p374/gems/actionpack-3.2.13/lib/action_dispatch/middleware/templates/rescues/diagnostics.erb within rescues/layout (11.3ms)


Started GET "/posts/comments" for 127.0.0.1 at 2013-05-06 20:21:26 -0300
Processing by PostsController#show as HTML
  Parameters: {"id"=>"comments"}
  [1m[36mPost Load (0.1ms)[0m  [1mSELECT "posts".* FROM "posts" WHERE "posts"."id" = ? LIMIT 1[0m  [["id", "comments"]]
Completed 404 Not Found in 2ms

ActiveRecord::RecordNotFound (Couldn't find Post with id=comments):
  app/controllers/posts_controller.rb:11:in `show'


  Rendered /home/italo/.rvm/gems/ruby-1.9.3-p374/gems/actionpack-3.2.13/lib/action_dispatch/middleware/templates/rescues/_trace.erb (1.3ms)
  Rendered /home/italo/.rvm/gems/ruby-1.9.3-p374/gems/actionpack-3.2.13/lib/action_dispatch/middleware/templates/rescues/_request_and_response.erb (1.1ms)
  Rendered /home/italo/.rvm/gems/ruby-1.9.3-p374/gems/actionpack-3.2.13/lib/action_dispatch/middleware/templates/rescues/diagnostics.erb within rescues/layout (9.7ms)


Started GET "/posts/comments" for 127.0.0.1 at 2013-05-06 20:21:26 -0300
Processing by PostsController#show as HTML
  Parameters: {"id"=>"comments"}
  [1m[35mPost Load (0.3ms)[0m  SELECT "posts".* FROM "posts" WHERE "posts"."id" = ? LIMIT 1  [["id", "comments"]]
Completed 404 Not Found in 4ms

ActiveRecord::RecordNotFound (Couldn't find Post with id=comments):
  app/controllers/posts_controller.rb:11:in `show'


  Rendered /home/italo/.rvm/gems/ruby-1.9.3-p374/gems/actionpack-3.2.13/lib/action_dispatch/middleware/templates/rescues/_trace.erb (1.3ms)
  Rendered /home/italo/.rvm/gems/ruby-1.9.3-p374/gems/actionpack-3.2.13/lib/action_dispatch/middleware/templates/rescues/_request_and_response.erb (1.1ms)
  Rendered /home/italo/.rvm/gems/ruby-1.9.3-p374/gems/actionpack-3.2.13/lib/action_dispatch/middleware/templates/rescues/diagnostics.erb within rescues/layout (10.3ms)


Started GET "/posts/comments" for 127.0.0.1 at 2013-05-06 20:21:26 -0300
Processing by PostsController#show as HTML
  Parameters: {"id"=>"comments"}
  [1m[36mPost Load (0.3ms)[0m  [1mSELECT "posts".* FROM "posts" WHERE "posts"."id" = ? LIMIT 1[0m  [["id", "comments"]]
Completed 404 Not Found in 4ms

ActiveRecord::RecordNotFound (Couldn't find Post with id=comments):
  app/controllers/posts_controller.rb:11:in `show'


  Rendered /home/italo/.rvm/gems/ruby-1.9.3-p374/gems/actionpack-3.2.13/lib/action_dispatch/middleware/templates/rescues/_trace.erb (2.0ms)
  Rendered /home/italo/.rvm/gems/ruby-1.9.3-p374/gems/actionpack-3.2.13/lib/action_dispatch/middleware/templates/rescues/_request_and_response.erb (1.1ms)
  Rendered /home/italo/.rvm/gems/ruby-1.9.3-p374/gems/actionpack-3.2.13/lib/action_dispatch/middleware/templates/rescues/diagnostics.erb within rescues/layout (11.1ms)


Started GET "/posts/comments" for 127.0.0.1 at 2013-05-06 20:21:27 -0300
Processing by PostsController#show as HTML
  Parameters: {"id"=>"comments"}
  [1m[35mPost Load (0.2ms)[0m  SELECT "posts".* FROM "posts" WHERE "posts"."id" = ? LIMIT 1  [["id", "comments"]]
Completed 404 Not Found in 3ms

ActiveRecord::RecordNotFound (Couldn't find Post with id=comments):
  app/controllers/posts_controller.rb:11:in `show'


  Rendered /home/italo/.rvm/gems/ruby-1.9.3-p374/gems/actionpack-3.2.13/lib/action_dispatch/middleware/templates/rescues/_trace.erb (1.4ms)
  Rendered /home/italo/.rvm/gems/ruby-1.9.3-p374/gems/actionpack-3.2.13/lib/action_dispatch/middleware/templates/rescues/_request_and_response.erb (1.2ms)
  Rendered /home/italo/.rvm/gems/ruby-1.9.3-p374/gems/actionpack-3.2.13/lib/action_dispatch/middleware/templates/rescues/diagnostics.erb within rescues/layout (11.2ms)


Started GET "/posts/comments" for 127.0.0.1 at 2013-05-06 20:21:27 -0300
Processing by PostsController#show as HTML
  Parameters: {"id"=>"comments"}
  [1m[36mPost Load (0.1ms)[0m  [1mSELECT "posts".* FROM "posts" WHERE "posts"."id" = ? LIMIT 1[0m  [["id", "comments"]]
Completed 404 Not Found in 1ms

ActiveRecord::RecordNotFound (Couldn't find Post with id=comments):
  app/controllers/posts_controller.rb:11:in `show'


  Rendered /home/italo/.rvm/gems/ruby-1.9.3-p374/gems/actionpack-3.2.13/lib/action_dispatch/middleware/templates/rescues/_trace.erb (1.3ms)
  Rendered /home/italo/.rvm/gems/ruby-1.9.3-p374/gems/actionpack-3.2.13/lib/action_dispatch/middleware/templates/rescues/_request_and_response.erb (1.1ms)
  Rendered /home/italo/.rvm/gems/ruby-1.9.3-p374/gems/actionpack-3.2.13/lib/action_dispatch/middleware/templates/rescues/diagnostics.erb within rescues/layout (10.4ms)


Started GET "/posts/comments" for 127.0.0.1 at 2013-05-06 20:21:27 -0300
Processing by PostsController#show as HTML
  Parameters: {"id"=>"comments"}
  [1m[35mPost Load (0.1ms)[0m  SELECT "posts".* FROM "posts" WHERE "posts"."id" = ? LIMIT 1  [["id", "comments"]]
Completed 404 Not Found in 2ms

ActiveRecord::RecordNotFound (Couldn't find Post with id=comments):
  app/controllers/posts_controller.rb:11:in `show'


  Rendered /home/italo/.rvm/gems/ruby-1.9.3-p374/gems/actionpack-3.2.13/lib/action_dispatch/middleware/templates/rescues/_trace.erb (1.2ms)
  Rendered /home/italo/.rvm/gems/ruby-1.9.3-p374/gems/actionpack-3.2.13/lib/action_dispatch/middleware/templates/rescues/_request_and_response.erb (1.1ms)
  Rendered /home/italo/.rvm/gems/ruby-1.9.3-p374/gems/actionpack-3.2.13/lib/action_dispatch/middleware/templates/rescues/diagnostics.erb within rescues/layout (10.6ms)


Started GET "/posts/" for 127.0.0.1 at 2013-05-06 20:21:30 -0300
Processing by PostsController#index as HTML
  [1m[36mPost Load (0.2ms)[0m  [1mSELECT "posts".* FROM "posts" [0m
  Rendered posts/index.html.erb within layouts/application (1.1ms)
Compiled categories.css  (179ms)  (pid 2728)
Compiled comments.css  (1ms)  (pid 2728)
Compiled posts.css  (3ms)  (pid 2728)
Compiled scaffolds.css  (15ms)  (pid 2728)
Compiled application.css  (326ms)  (pid 2728)
Compiled jquery.js  (38ms)  (pid 2728)
Compiled jquery_ujs.js  (0ms)  (pid 2728)
Compiled categories.js  (513ms)  (pid 2728)
Compiled comments.js  (151ms)  (pid 2728)
Compiled posts.js  (147ms)  (pid 2728)
Compiled application.js  (1014ms)  (pid 2728)
Completed 500 Internal Server Error in 1525ms

ActionView::Template::Error (undefined local variable or method `flash_messages' for #<#<Class:0xb51fcb00>:0xb51fb4d0>):
    8: </head>
    9: 
    10: <body>
    11: <%= flash_messages %>
    12: 
    13: <%= yield %>
    14: 
  app/views/layouts/application.html.erb:11:in `_app_views_layouts_application_html_erb__1048597259__627844028'
  app/controllers/posts_controller.rb:7:in `index'


  Rendered /home/italo/.rvm/gems/ruby-1.9.3-p374/gems/actionpack-3.2.13/lib/action_dispatch/middleware/templates/rescues/_trace.erb (2.0ms)
  Rendered /home/italo/.rvm/gems/ruby-1.9.3-p374/gems/actionpack-3.2.13/lib/action_dispatch/middleware/templates/rescues/_request_and_response.erb (1.1ms)
  Rendered /home/italo/.rvm/gems/ruby-1.9.3-p374/gems/actionpack-3.2.13/lib/action_dispatch/middleware/templates/rescues/template_error.erb within rescues/layout (12.4ms)


Started GET "/assets/rails.png" for 127.0.0.1 at 2013-05-06 20:40:29 -0300
Served asset /rails.png - 304 Not Modified (0ms)


Started GET "/posts" for 127.0.0.1 at 2013-05-06 20:40:32 -0300
Processing by PostsController#index as HTML
  [1m[35mPost Load (0.1ms)[0m  SELECT "posts".* FROM "posts" 
  Rendered posts/index.html.erb within layouts/application (1.2ms)
Completed 500 Internal Server Error in 6ms

ActionView::Template::Error (undefined method `title' for nil:NilClass):
    1: <h2><%= @post.title %></h2>
    2: 
    3: <div id="post">
    4:   <%= @post.body %>
  app/views/posts/index.html.erb:1:in `_app_views_posts_index_html_erb___152653343__626064688'
  app/controllers/posts_controller.rb:7:in `index'


  Rendered /home/italo/.rvm/gems/ruby-1.9.3-p374/gems/actionpack-3.2.13/lib/action_dispatch/middleware/templates/rescues/_trace.erb (1.3ms)
  Rendered /home/italo/.rvm/gems/ruby-1.9.3-p374/gems/actionpack-3.2.13/lib/action_dispatch/middleware/templates/rescues/_request_and_response.erb (1.0ms)
  Rendered /home/italo/.rvm/gems/ruby-1.9.3-p374/gems/actionpack-3.2.13/lib/action_dispatch/middleware/templates/rescues/template_error.erb within rescues/layout (10.4ms)


Started GET "/assets/rails.png" for 127.0.0.1 at 2013-05-06 20:43:48 -0300
Served asset /rails.png - 304 Not Modified (0ms)


Started GET "/" for 127.0.0.1 at 2013-05-06 20:43:50 -0300

ActionController::RoutingError (No route matches [GET] "/"):
  actionpack (3.2.13) lib/action_dispatch/middleware/debug_exceptions.rb:21:in `call'
  actionpack (3.2.13) lib/action_dispatch/middleware/show_exceptions.rb:56:in `call'
  railties (3.2.13) lib/rails/rack/logger.rb:32:in `call_app'
  railties (3.2.13) lib/rails/rack/logger.rb:16:in `block in call'
  activesupport (3.2.13) lib/active_support/tagged_logging.rb:22:in `tagged'
  railties (3.2.13) lib/rails/rack/logger.rb:16:in `call'
  actionpack (3.2.13) lib/action_dispatch/middleware/request_id.rb:22:in `call'
  rack (1.4.5) lib/rack/methodoverride.rb:21:in `call'
  rack (1.4.5) lib/rack/runtime.rb:17:in `call'
  activesupport (3.2.13) lib/active_support/cache/strategy/local_cache.rb:72:in `call'
  rack (1.4.5) lib/rack/lock.rb:15:in `call'
  actionpack (3.2.13) lib/action_dispatch/middleware/static.rb:63:in `call'
  railties (3.2.13) lib/rails/engine.rb:479:in `call'
  railties (3.2.13) lib/rails/application.rb:223:in `call'
  rack (1.4.5) lib/rack/content_length.rb:14:in `call'
  railties (3.2.13) lib/rails/rack/log_tailer.rb:17:in `call'
  rack (1.4.5) lib/rack/handler/webrick.rb:59:in `service'
  /home/italo/.rvm/rubies/ruby-1.9.3-p374/lib/ruby/1.9.1/webrick/httpserver.rb:138:in `service'
  /home/italo/.rvm/rubies/ruby-1.9.3-p374/lib/ruby/1.9.1/webrick/httpserver.rb:94:in `run'
  /home/italo/.rvm/rubies/ruby-1.9.3-p374/lib/ruby/1.9.1/webrick/server.rb:191:in `block in start_thread'


  Rendered /home/italo/.rvm/gems/ruby-1.9.3-p374/gems/actionpack-3.2.13/lib/action_dispatch/middleware/templates/rescues/routing_error.erb within rescues/layout (0.7ms)


Started GET "/" for 127.0.0.1 at 2013-05-06 20:43:51 -0300

ActionController::RoutingError (No route matches [GET] "/"):
  actionpack (3.2.13) lib/action_dispatch/middleware/debug_exceptions.rb:21:in `call'
  actionpack (3.2.13) lib/action_dispatch/middleware/show_exceptions.rb:56:in `call'
  railties (3.2.13) lib/rails/rack/logger.rb:32:in `call_app'
  railties (3.2.13) lib/rails/rack/logger.rb:16:in `block in call'
  activesupport (3.2.13) lib/active_support/tagged_logging.rb:22:in `tagged'
  railties (3.2.13) lib/rails/rack/logger.rb:16:in `call'
  actionpack (3.2.13) lib/action_dispatch/middleware/request_id.rb:22:in `call'
  rack (1.4.5) lib/rack/methodoverride.rb:21:in `call'
  rack (1.4.5) lib/rack/runtime.rb:17:in `call'
  activesupport (3.2.13) lib/active_support/cache/strategy/local_cache.rb:72:in `call'
  rack (1.4.5) lib/rack/lock.rb:15:in `call'
  actionpack (3.2.13) lib/action_dispatch/middleware/static.rb:63:in `call'
  railties (3.2.13) lib/rails/engine.rb:479:in `call'
  railties (3.2.13) lib/rails/application.rb:223:in `call'
  rack (1.4.5) lib/rack/content_length.rb:14:in `call'
  railties (3.2.13) lib/rails/rack/log_tailer.rb:17:in `call'
  rack (1.4.5) lib/rack/handler/webrick.rb:59:in `service'
  /home/italo/.rvm/rubies/ruby-1.9.3-p374/lib/ruby/1.9.1/webrick/httpserver.rb:138:in `service'
  /home/italo/.rvm/rubies/ruby-1.9.3-p374/lib/ruby/1.9.1/webrick/httpserver.rb:94:in `run'
  /home/italo/.rvm/rubies/ruby-1.9.3-p374/lib/ruby/1.9.1/webrick/server.rb:191:in `block in start_thread'


  Rendered /home/italo/.rvm/gems/ruby-1.9.3-p374/gems/actionpack-3.2.13/lib/action_dispatch/middleware/templates/rescues/routing_error.erb within rescues/layout (0.6ms)
Connecting to database specified by database.yml


Started GET "/" for 127.0.0.1 at 2013-05-07 20:50:00 -0300

ActionController::RoutingError (No route matches [GET] "/"):
  actionpack (3.2.13) lib/action_dispatch/middleware/debug_exceptions.rb:21:in `call'
  actionpack (3.2.13) lib/action_dispatch/middleware/show_exceptions.rb:56:in `call'
  railties (3.2.13) lib/rails/rack/logger.rb:32:in `call_app'
  railties (3.2.13) lib/rails/rack/logger.rb:16:in `block in call'
  activesupport (3.2.13) lib/active_support/tagged_logging.rb:22:in `tagged'
  railties (3.2.13) lib/rails/rack/logger.rb:16:in `call'
  actionpack (3.2.13) lib/action_dispatch/middleware/request_id.rb:22:in `call'
  rack (1.4.5) lib/rack/methodoverride.rb:21:in `call'
  rack (1.4.5) lib/rack/runtime.rb:17:in `call'
  activesupport (3.2.13) lib/active_support/cache/strategy/local_cache.rb:72:in `call'
  rack (1.4.5) lib/rack/lock.rb:15:in `call'
  actionpack (3.2.13) lib/action_dispatch/middleware/static.rb:63:in `call'
  railties (3.2.13) lib/rails/engine.rb:479:in `call'
  railties (3.2.13) lib/rails/application.rb:223:in `call'
  rack (1.4.5) lib/rack/content_length.rb:14:in `call'
  railties (3.2.13) lib/rails/rack/log_tailer.rb:17:in `call'
  rack (1.4.5) lib/rack/handler/webrick.rb:59:in `service'
  /home/italo/.rvm/rubies/ruby-1.9.3-p374/lib/ruby/1.9.1/webrick/httpserver.rb:138:in `service'
  /home/italo/.rvm/rubies/ruby-1.9.3-p374/lib/ruby/1.9.1/webrick/httpserver.rb:94:in `run'
  /home/italo/.rvm/rubies/ruby-1.9.3-p374/lib/ruby/1.9.1/webrick/server.rb:191:in `block in start_thread'


  Rendered /home/italo/.rvm/gems/ruby-1.9.3-p374/gems/actionpack-3.2.13/lib/action_dispatch/middleware/templates/rescues/routing_error.erb within rescues/layout (25.3ms)
Connecting to database specified by database.yml
